C51 COMPILER V9.52.0.0   TIME                                                              04/23/2024 20:17:30 PAGE 1   


C51 COMPILER V9.52.0.0, COMPILATION OF MODULE TIME
OBJECT MODULE PLACED IN time.OBJ
COMPILER INVOKED BY: D:\Keil\C51\BIN\C51.EXE time.c BROWSE DEBUG OBJECTEXTEND TABS(2)

line level    source

   1          #include "reg52.h"
   2          #include "motor.h"
   3          
   4          int cntLeft = 0;
   5          char speedLeft;
   6          
   7          int cntRight = 0;
   8          char speedRight;
   9          
  10          
  11          void Time1Init()
  12          {
  13   1        //1. 配置定时器1工作模式位16位计时
  14   1        TMOD &= 0x0F;
  15   1        TMOD |= 0x1 << 4 ;
  16   1        //2. 给初值，定一个0.5出来
  17   1        TL1=0x33;
  18   1        TH1=0xFE;
  19   1        //3. 开始计时
  20   1        TR1 = 1;
  21   1        TF1 = 0;
  22   1        //4. 打开定时器1中断
  23   1        ET1 = 1;
  24   1        //5. 打开总中断EA
  25   1        EA = 1;
  26   1      }
  27          
  28          void Time0Init()
  29          {
  30   1        //1. 配置定时器0工作模式位16位计时
  31   1        TMOD = 0x01;
  32   1        //2. 给初值，定一个0.5出来
  33   1        TL0=0x33;
  34   1        TH0=0xFE;
  35   1        //3. 开始计时
  36   1        TR0 = 1;
  37   1        TF0 = 0;
  38   1        //4. 打开定时器0中断
  39   1        ET0 = 1;
  40   1        //5. 打开总中断EA
  41   1        EA = 1;
  42   1      }
  43          void Time0Handler() interrupt 1
  44          {
  45   1        cntLeft++; //统计爆表的次数. cnt=1的时候，报表了1
  46   1        //重新给初值
  47   1        TL0=0x33;
  48   1        TH0=0xFE;
  49   1        //控制PWM波
  50   1        if(cntLeft < speedLeft){
  51   2          //左轮前进
  52   2          goForwordLeft();
  53   2        }else{
  54   2          //停止
  55   2          stopLeft();
C51 COMPILER V9.52.0.0   TIME                                                              04/23/2024 20:17:30 PAGE 2   

  56   2        }
  57   1        if(cntLeft == 40){//爆表40次，经过了20ms
  58   2          cntLeft = 0; 
  59   2        }
  60   1      }
  61          
  62          void Time1Handler() interrupt 3
  63          {
  64   1        cntRight++; //统计爆表的次数. cnt=1的时候，报表了1
  65   1        //重新给初值
  66   1        TL1=0x33;
  67   1        TH1=0xFE;
  68   1        //控制PWM波
  69   1        if(cntRight < speedRight){
  70   2          //右轮 前进
  71   2          goForwordRight();
  72   2        }else{
  73   2          //停止
  74   2          stopRight();
  75   2        }
  76   1        if(cntRight == 40){//爆表40次，经过了20ms
  77   2          cntRight = 0; 
  78   2        }
  79   1      }


MODULE INFORMATION:   STATIC OVERLAYABLE
   CODE SIZE        =    263    ----
   CONSTANT SIZE    =   ----    ----
   XDATA SIZE       =   ----    ----
   PDATA SIZE       =   ----    ----
   DATA SIZE        =      6    ----
   IDATA SIZE       =   ----    ----
   BIT SIZE         =   ----    ----
END OF MODULE INFORMATION.


C51 COMPILATION COMPLETE.  0 WARNING(S),  0 ERROR(S)
